<?xml version='1.0' encoding='UTF-8'?>
<testsuite hostname="aydinmisirzade-pc.wifi.nat" name="ImageImporterTest" tests="2" errors="0" failures="0" skipped="0" time="0.008" timestamp="2020-12-21T22:30:42">
                     <properties>
[...]
</properties>
                     <testcase classname="ImageImporterTest" name="Wrong image format test" time="0.006">
                                                 
                                               </testcase><testcase classname="ImageImporterTest" name="Existing image test" time="0.002">
                                                 
                                               </testcase>
                     <system-out><![CDATA[]]></system-out>
                     <system-err><![CDATA[]]></system-err>
                   </testsuite>